1702836354789:help
1702836361585:goodbye
1703277054219:help
1703277078820:RandomJoke
1703512361164:help
1703512366937:RandomJoke
1703512371913:goodbye
1703512374850:hello
1707566528203:help
1707567686108:hello
1707567842103:help
1707568703069:echo Toni
1707568995407:echo toni
1707851973013:help
1707851981109:progress-spinner
1707852379604:help
1707852384660:progress-spinner
1708876135530:help
1708876140545:progress-spinner
1708876245353:help
1708876250447:progress-spinner
1708876906487:help
1708876915679:progress-counter
1708876936095:progress-spinner
1708979608676:help
1708979614675:progress-bar
1708981446961:help
1708981452934:progress-bar
1709375384424:help
1709375387317:goodbye
1709375815071:HELP
1709375816773:help
1709375838220:goodbye
1709375951797:help
1709375960533:goodbye toni
